INFO:  latexindent version 3.24.5, 2025-03-13, a script to indent .tex files
       latexindent lives here: /opt/texlive/2025/texmf-dist/scripts/latexindent/
       Wed May  7 17:48:29 2025
       Filename: /home/lau/Desktop/uni-2025/intro-a-la-logica-y-res-prob/latex/graph-coloring.tex
INFO:  Processing switches:
INFO:  Directory for backup files and log file indent.log:
       /home/lau/Desktop/uni-2025/intro-a-la-logica-y-res-prob/latex
INFO:  YAML settings read: defaultSettings.yaml
       Reading defaultSettings.yaml from /opt/texlive/2025/texmf-dist/scripts/latexindent/defaultSettings.yaml
INFO:  YAML reading settings
       Home directory is /home/lau
       latexindent.pl didn't find indentconfig.yaml or .indentconfig.yaml
       see all possible locations: https://latexindentpl.readthedocs.io/en/latest/sec-appendices.html#indentconfig-options)
INFO:  Phase 1: searching for objects
INFO:  Phase 2: finding surrounding indentation
INFO:  Phase 3: indenting objects
INFO:  Phase 4: final indentation check
INFO:  Output routine:
       Not outputting to file; see -w and -o switches for more options.
       --------------
INFO:  Please direct all communication/issues to:
        https://github.com/cmhughes/latexindent.pl
