\BOOKMARK [1][-]{section.1}{\376\377\000D\000e\000m\000o\000s\000t\000r\000a\000c\000i\000o\000n\000e\000s\000\040\000d\000e\000\040\000c\000\341\000l\000c\000u\000l\000o\000\040\000d\000e\000\040\000e\000c\000u\000a\000c\000i\000o\000n\000e\000s}{}% 1
\BOOKMARK [2][-]{subsection.1.1}{\376\377\000\050\000p\000r\000i\000n\000c\000i\000p\000i\000o\000\040\000d\000e\000\040\000e\000x\000p\000l\000o\000s\000i\000\363\000n\000\051}{section.1}% 2
\BOOKMARK [2][-]{subsection.1.2}{\376\377\000a\000b\000s\000o\000r\000v\000e\000n\000t\000e}{section.1}% 3
\BOOKMARK [2][-]{subsection.1.3}{\376\377\000T\0009\000.\000\040\000\050\000n\000e\000u\000t\000r\000o\000\051\000\040}{section.1}% 4
\BOOKMARK [2][-]{subsection.1.4}{\376\377\000T\0001\0002\000.\000\040\000\050\000n\000e\000u\000t\000r\000o\000\051\000\040}{section.1}% 5
\BOOKMARK [2][-]{subsection.1.5}{\376\377\000T\0001\0003\000.\000\040\000\050\000c\000o\000n\000m\000u\000t\000a\000t\000i\000v\000i\000d\000a\000d\000\051\000\040}{section.1}% 6
\BOOKMARK [2][-]{subsection.1.6}{\376\377\000T\0001\0004\000.\000\040\000\050\000i\000d\000e\000m\000p\000o\000t\000e\000n\000c\000i\000a\000\051\000\040}{section.1}% 7
\BOOKMARK [2][-]{subsection.1.7}{\376\377\000T\0001\0005\000.\000\040\000\050\000a\000b\000s\000o\000r\000c\000i\000\363\000n\000\051\000\040\000\050\000\051\000\040}{section.1}% 8
\BOOKMARK [2][-]{subsection.1.8}{\376\377\000T\0001\0006\000.\000\040\000\050\000a\000b\000s\000o\000r\000c\000i\000\363\000n\000\051\000\040\000\050\000\051\000\040}{section.1}% 9
\BOOKMARK [2][-]{subsection.1.9}{\376\377\000T\0001\0007\000.\000\040\000\050\000a\000b\000s\000o\000r\000c\000i\000\363\000n\000\051\000\040\000\050\000\051\000\040}{section.1}% 10
\BOOKMARK [2][-]{subsection.1.10}{\376\377\000T\0001\0008\000.\000\040\000\050\000a\000b\000s\000o\000r\000c\000i\000\363\000n\000\051\000\040\000\050\000\051\000\040}{section.1}% 11
\BOOKMARK [2][-]{subsection.1.11}{\376\377\000T\0001\0009\000\040}{section.1}% 12
\BOOKMARK [2][-]{subsection.1.12}{\376\377\000T\0002\0000\000\040\000\050\000D\000e\000\040\000M\000o\000r\000g\000a\000n\000\051\000\040\000\050\000\051\000\040}{section.1}% 13
\BOOKMARK [2][-]{subsection.1.13}{\376\377\000T\0002\0001\000\040\000\050\000D\000e\000\040\000M\000o\000r\000g\000a\000n\000\051\000\040\000\050\000\051\000\040}{section.1}% 14
\BOOKMARK [2][-]{subsection.1.14}{\376\377\000T\0002\0002\000\040\000\050\000d\000i\000s\000t\000r\000i\000b\000u\000t\000i\000v\000i\000d\000a\000d\000\040\000\051\000\040\000\050\000\051\000\040\000\050\000\051\000\040\000\050\000\051}{section.1}% 15
\BOOKMARK [2][-]{subsection.1.15}{\376\377\000T\0002\0003\000\040\000\050\000d\000i\000s\000t\000r\000i\000b\000u\000t\000i\000v\000i\000d\000a\000d\000\040\000\051\000\040\000\050\000\051\000\040\000\050\000\051\000\040\000\050\000\051}{section.1}% 16
\BOOKMARK [2][-]{subsection.1.16}{\376\377\000T\0002\0004\000\040\000\050\000d\000i\000s\000t\000r\000i\000b\000u\000t\000i\000v\000i\000d\000a\000d\000\040\000\051\000\040\000\050\000\051\000\040\000\050\000\051\000\040\000\050\000\051}{section.1}% 17
\BOOKMARK [2][-]{subsection.1.17}{\376\377\000T\0002\0005\000\040\000\050\000d\000i\000s\000t\000r\000i\000b\000u\000t\000i\000v\000i\000d\000a\000d\000\040\000\051\000\040\000\050\000\051\000\040\000\050\000\051\000\040\000\050\000\051}{section.1}% 18
\BOOKMARK [2][-]{subsection.1.18}{\376\377\000T\0002\0006\000\040\000\050\000r\000e\000f\000l\000e\000x\000i\000v\000i\000d\000a\000d\000\051\000\040}{section.1}% 19
\BOOKMARK [2][-]{subsection.1.19}{\376\377\000T\0002\0007\000\040}{section.1}% 20
\BOOKMARK [2][-]{subsection.1.20}{\376\377\000T\0002\0008\000\040\000\050\000\051\000\040}{section.1}% 21
\BOOKMARK [2][-]{subsection.1.21}{\376\377\000T\0002\0009\000\040}{section.1}% 22
\BOOKMARK [2][-]{subsection.1.22}{\376\377\000T\0003\0000\000\040}{section.1}% 23
\BOOKMARK [2][-]{subsection.1.23}{\376\377\000T\0003\0001\000\040}{section.1}% 24
\BOOKMARK [2][-]{subsection.1.24}{\376\377\000T\0003\0002\000\040\000\050\000\051\000\040}{section.1}% 25
\BOOKMARK [2][-]{subsection.1.25}{\376\377\000T\0003\0003\000\040\000\050\000\051\000\040\000\050\000\051\000\040\000\050\000\051}{section.1}% 26
\BOOKMARK [2][-]{subsection.1.26}{\376\377\000T\0003\0004\000\040\000\050\000\051\000\040\000\050\000\051\000\040}{section.1}% 27
\BOOKMARK [2][-]{subsection.1.27}{\376\377\000T\0003\0005\000\040\000\050\000\051\000\040}{section.1}% 28
\BOOKMARK [2][-]{subsection.1.28}{\376\377\000T\0003\0006\000\040\000\050\000m\000o\000d\000u\000s\000\040\000p\000o\000n\000e\000n\000s\000\051\000\040\000\050\000\051\000\040}{section.1}% 29
\BOOKMARK [2][-]{subsection.1.29}{\376\377\000T\0003\0006\000.\0005\000\040\000\050\000c\000o\000n\000t\000r\000a\000d\000i\000c\000c\000i\000o\000n\000\051\000\040}{section.1}% 30
\BOOKMARK [2][-]{subsection.1.30}{\376\377\000T\0003\0007\000\040\000\050\000m\000o\000d\000u\000s\000\040\000t\000o\000l\000l\000e\000n\000s\000\051\000\040\000\050\000\051\000\040}{section.1}% 31
\BOOKMARK [2][-]{subsection.1.31}{\376\377\000T\0003\0008\000\040\000\050\000\051\000\040\000\050\000\051}{section.1}% 32
\BOOKMARK [2][-]{subsection.1.32}{\376\377\000T\0003\0009\000\040\000\050\000\051\000\040\000\050\000\051}{section.1}% 33
\BOOKMARK [2][-]{subsection.1.33}{\376\377\000T\0004\0000\000\040}{section.1}% 34
\BOOKMARK [2][-]{subsection.1.34}{\376\377\000T\000\050\000A\000\051\000\040\000\050\000i\000\040\000:\000\040\000:\000\040\000\051\000\040\000\050\000i\000\040\000:\000\040\000:\000\040\000\051\000\040\000\050\000i\000\040\000:\000\040\000:\000\040\000\051}{section.1}% 35
\BOOKMARK [2][-]{subsection.1.35}{\376\377\000T\000\050\000A\000\051\000\040\000\050\000i\000\040\000:\000\040\000:\000\040\000\051\000\040\000\050\000i\000\040\000:\000\040\000:\000\040\000\051\000\040\000\050\000i\000\040\000:\000\040\000:\000\040\000\051}{section.1}% 36
